TN:
SF:/Users/Frederic/Workspace/camp2_exercises/06_react_redux/01_es6_fundamentals/01_aquarium/01_aquarium.js
FN:4,(anonymous_0)
FN:9,(anonymous_1)
FN:13,(anonymous_2)
FN:17,(anonymous_3)
FN:21,(anonymous_4)
FN:25,(anonymous_5)
FN:34,(anonymous_6)
FN:42,(anonymous_7)
FNF:8
FNH:8
FNDA:4,(anonymous_0)
FNDA:1,(anonymous_1)
FNDA:1,(anonymous_2)
FNDA:1,(anonymous_3)
FNDA:1,(anonymous_4)
FNDA:1,(anonymous_5)
FNDA:5,(anonymous_6)
FNDA:3,(anonymous_7)
DA:5,4
DA:6,4
DA:10,1
DA:14,1
DA:18,1
DA:22,1
DA:26,1
DA:27,1
DA:28,1
DA:29,1
DA:35,5
DA:36,5
DA:37,5
DA:43,3
DA:47,1
LF:15
LH:15
BRF:0
BRH:0
end_of_record
